<?xml version="1.0" encoding="UTF-8"?>
<!-- Generated by org.testng.reporters.JUnitXMLReporter -->
<testsuite hostname="192.168.0.103" ignored="1" name="Parallel Tests" tests="3" failures="1" timestamp="2021-05-13T07:33:36 IST" time="13.4" errors="0">
  <testcase name="Login_Page_Tests" time="2.438" classname="Test_Pages.Login_Page_Test"/>
  <testcase name="Create_Deposit_Account_Pages_Tests" time="13.359" classname="Test_Pages.TestNg_Priority">
    <failure type="org.openqa.selenium.NoSuchElementException" message="no such element: Unable to locate element: {&amp;quot;method&amp;quot;:&amp;quot;xpath&amp;quot;,&amp;quot;selector&amp;quot;:&amp;quot;/html/body/table/tbody/tr/td/table[2]/tbody/tr/td/table/tbody/tr[3]/td[3]/table/tbody/tr/td[3]/table/tbody/tr[1]/td/span&amp;quot;}
  (Session info: chrome=90.0.4430.212)
For documentation on this error, please visit: https://www.seleniumhq.org/exceptions/no_such_element.html
Build info: version: &amp;apos;3.141.59&amp;apos;, revision: &amp;apos;e82be7d358&amp;apos;, time: &amp;apos;2018-11-14T08:17:03&amp;apos;
System info: host: &amp;apos;192.168.0.103&amp;apos;, ip: &amp;apos;fe80:0:0:0:857:6170:b25e:fdf5%en0&amp;apos;, os.name: &amp;apos;Mac OS X&amp;apos;, os.arch: &amp;apos;x86_64&amp;apos;, os.version: &amp;apos;10.16&amp;apos;, java.version: &amp;apos;1.8.0_261&amp;apos;
Driver info: org.openqa.selenium.chrome.ChromeDriver
Capabilities {acceptInsecureCerts: false, browserName: chrome, browserVersion: 90.0.4430.212, chrome: {chromedriverVersion: 90.0.4430.24 (4c6d850f087da..., userDataDir: /var/folders/5c/l9wttjwn4fj...}, goog:chromeOptions: {debuggerAddress: localhost:64245}, javascriptEnabled: true, networkConnectionEnabled: false, pageLoadStrategy: normal, platform: MAC, platformName: MAC, proxy: Proxy(), setWindowRect: true, strictFileInteractability: false, timeouts: {implicit: 0, pageLoad: 300000, script: 30000}, unhandledPromptBehavior: dismiss and notify, webauthn:extension:largeBlob: true, webauthn:virtualAuthenticators: true}
Session ID: 831756d0ab4d1d8771ffc8f508e1840d
*** Element info: {Using=xpath, value=/html/body/table/tbody/tr/td/table[2]/tbody/tr/td/table/tbody/tr[3]/td[3]/table/tbody/tr/td[3]/table/tbody/tr[1]/td/span}">
      <![CDATA[org.openqa.selenium.NoSuchElementException: no such element: Unable to locate element: {"method":"xpath","selector":"/html/body/table/tbody/tr/td/table[2]/tbody/tr/td/table/tbody/tr[3]/td[3]/table/tbody/tr/td[3]/table/tbody/tr[1]/td/span"}
  (Session info: chrome=90.0.4430.212)
For documentation on this error, please visit: https://www.seleniumhq.org/exceptions/no_such_element.html
Build info: version: '3.141.59', revision: 'e82be7d358', time: '2018-11-14T08:17:03'
System info: host: '192.168.0.103', ip: 'fe80:0:0:0:857:6170:b25e:fdf5%en0', os.name: 'Mac OS X', os.arch: 'x86_64', os.version: '10.16', java.version: '1.8.0_261'
Driver info: org.openqa.selenium.chrome.ChromeDriver
Capabilities {acceptInsecureCerts: false, browserName: chrome, browserVersion: 90.0.4430.212, chrome: {chromedriverVersion: 90.0.4430.24 (4c6d850f087da..., userDataDir: /var/folders/5c/l9wttjwn4fj...}, goog:chromeOptions: {debuggerAddress: localhost:64245}, javascriptEnabled: true, networkConnectionEnabled: false, pageLoadStrategy: normal, platform: MAC, platformName: MAC, proxy: Proxy(), setWindowRect: true, strictFileInteractability: false, timeouts: {implicit: 0, pageLoad: 300000, script: 30000}, unhandledPromptBehavior: dismiss and notify, webauthn:extension:largeBlob: true, webauthn:virtualAuthenticators: true}
Session ID: 831756d0ab4d1d8771ffc8f508e1840d
*** Element info: {Using=xpath, value=/html/body/table/tbody/tr/td/table[2]/tbody/tr/td/table/tbody/tr[3]/td[3]/table/tbody/tr/td[3]/table/tbody/tr[1]/td/span}
at org.openqa.selenium.remote.http.W3CHttpResponseCodec.createException(W3CHttpResponseCodec.java:187)
at org.openqa.selenium.remote.http.W3CHttpResponseCodec.decode(W3CHttpResponseCodec.java:122)
at org.openqa.selenium.remote.http.W3CHttpResponseCodec.decode(W3CHttpResponseCodec.java:49)
at org.openqa.selenium.remote.HttpCommandExecutor.execute(HttpCommandExecutor.java:158)
at org.openqa.selenium.remote.service.DriverCommandExecutor.execute(DriverCommandExecutor.java:83)
at org.openqa.selenium.remote.RemoteWebDriver.execute(RemoteWebDriver.java:552)
at org.openqa.selenium.remote.RemoteWebDriver.findElement(RemoteWebDriver.java:323)
at org.openqa.selenium.remote.RemoteWebDriver.findElementByXPath(RemoteWebDriver.java:428)
at org.openqa.selenium.By$ByXPath.findElement(By.java:353)
at org.openqa.selenium.remote.RemoteWebDriver.findElement(RemoteWebDriver.java:315)
at Create_a_New_Deposit_Account.Create_Deposit_Account.Create_New_Deposit_Account(Create_Deposit_Account.java:33)
at Test_Pages.Create_Deposit_Account_Tests.Create_Deposit_Account_Pages_Tests(Create_Deposit_Account_Tests.java:31)
at Test_Pages.TestNg_Priority.Create_Deposit_Account_Pages_Tests(TestNg_Priority.java:45)
at java.util.concurrent.ThreadPoolExecutor.runWorker(ThreadPoolExecutor.java:1149)
at java.util.concurrent.ThreadPoolExecutor$Worker.run(ThreadPoolExecutor.java:624)
at java.lang.Thread.run(Thread.java:748)
... Removed 16 stack frames]]>
    </failure>
  </testcase> <!-- Create_Deposit_Account_Pages_Tests -->
  <testcase name="Make_Deposit_To_Accounts_Pages_Tests" time="0.0" classname="Test_Pages.TestNg_Priority">
    <skipped/>
  </testcase> <!-- Make_Deposit_To_Accounts_Pages_Tests -->
  <testcase name="Regestartion_Page_Tests" time="0.0" classname="Test_Pages.TestNg_Priority">
    <ignored/>
  </testcase> <!-- Regestartion_Page_Tests -->
</testsuite> <!-- Parallel Tests -->
